c:\users\yeol8\source\repos\project2\project2\x64\debug\vc143.pdb
c:\users\yeol8\source\repos\project2\project2\x64\debug\vc143.idb
c:\users\yeol8\source\repos\project2\project2\x64\debug\1212.obj
c:\users\yeol8\source\repos\project2\x64\debug\finalex.exe
c:\users\yeol8\source\repos\project2\project2\x64\debug\finalex.ilk
c:\users\yeol8\source\repos\project2\x64\debug\finalex.pdb
c:\users\yeol8\source\repos\project2\project2\x64\debug\001.obj
c:\users\yeol8\source\repos\project2\project2\x64\debug\01.obj
c:\users\yeol8\source\repos\project2\project2\x64\debug\02.obj
c:\users\yeol8\source\repos\project2\project2\x64\debug\03.obj
c:\users\yeol8\source\repos\project2\project2\x64\debug\04.obj
c:\users\yeol8\source\repos\project2\project2\x64\debug\05.obj
c:\users\yeol8\source\repos\project2\project2\x64\debug\06.obj
c:\users\yeol8\source\repos\project2\project2\x64\debug\07.obj
c:\users\yeol8\source\repos\project2\project2\x64\debug\08.obj
c:\users\yeol8\source\repos\project2\project2\x64\debug\09.obj
c:\users\yeol8\source\repos\project2\project2\x64\debug\10.obj
c:\users\yeol8\source\repos\project2\project2\x64\debug\11.obj
c:\users\yeol8\source\repos\project2\project2\x64\debug\12.obj
c:\users\yeol8\source\repos\project2\project2\x64\debug\12_01.obj
c:\users\yeol8\source\repos\project2\project2\x64\debug\project2.ilk
c:\users\yeol8\source\repos\project2\project2\x64\debug\finalex.tlog\cl.command.1.tlog
c:\users\yeol8\source\repos\project2\project2\x64\debug\finalex.tlog\cl.read.1.tlog
c:\users\yeol8\source\repos\project2\project2\x64\debug\finalex.tlog\cl.write.1.tlog
c:\users\yeol8\source\repos\project2\project2\x64\debug\finalex.tlog\link.command.1.tlog
c:\users\yeol8\source\repos\project2\project2\x64\debug\finalex.tlog\link.read.1.tlog
c:\users\yeol8\source\repos\project2\project2\x64\debug\finalex.tlog\link.write.1.tlog
